<?xml version="1.0" encoding="UTF-8"?>
<!-- Generated by org.testng.reporters.JUnitReportReporter -->
<testsuite skipped="0" hostname="DESKTOP-87D2P7E" name="qsp.demo" tests="1" failures="0" timestamp="20 Dec 2019 02:47:47 GMT" time="0.010" errors="0">
  <testcase name="getDetails" time="0.010" classname="qsp.demo"/>
</testsuite> <!-- qsp.demo -->
