<?xml version="1.0" encoding="UTF-8"?>
<!-- Generated by org.testng.reporters.JUnitReportReporter -->
<testsuite skipped="0" hostname="DESKTOP-87D2P7E" name="Com.Actitime.Tests.VerifyversionTest" tests="2" failures="0" timestamp="24 Dec 2019 10:49:58 GMT" time="33.060" errors="0">
  <testcase name="testVerifyVersion" time="16.147" classname="Com.Actitime.Tests.VerifyversionTest"/>
  <testcase name="testVerifyVersion" time="16.913" classname="Com.Actitime.Tests.VerifyversionTest"/>
</testsuite> <!-- Com.Actitime.Tests.VerifyversionTest -->
