<?xml version="1.0" encoding="UTF-8"?>
<!-- Generated by org.testng.reporters.JUnitReportReporter -->
<testsuite skipped="0" hostname="DESKTOP-87D2P7E" name="Com.Actitime.Tests.InvalidLoginTest" tests="2" failures="0" timestamp="24 Dec 2019 10:49:58 GMT" time="60.540" errors="0">
  <testcase name="testInvlidLoginlogout" time="27.334" classname="Com.Actitime.Tests.InvalidLoginTest"/>
  <testcase name="testInvlidLoginlogout" time="33.206" classname="Com.Actitime.Tests.InvalidLoginTest"/>
</testsuite> <!-- Com.Actitime.Tests.InvalidLoginTest -->
