<?xml version="1.0" encoding="UTF-8"?>
<!-- Generated by org.testng.reporters.JUnitReportReporter -->
<testsuite skipped="0" hostname="DESKTOP-87D2P7E" name="Com.Actitime.Tests.ValidLoginLogoutTest" tests="2" failures="0" timestamp="24 Dec 2019 10:49:58 GMT" time="49.137" errors="0">
  <testcase name="testValidloginlogout" time="24.630" classname="Com.Actitime.Tests.ValidLoginLogoutTest"/>
  <testcase name="testValidloginlogout" time="24.507" classname="Com.Actitime.Tests.ValidLoginLogoutTest"/>
</testsuite> <!-- Com.Actitime.Tests.ValidLoginLogoutTest -->
